android/app/build/intermediates/manifest_merge_blame_file/debug/manifest-merger-blame-debug-report.txt
1<?xml version="1.0" encoding="utf-8"?>
2<manifest xmlns:android="http://schemas.android.com/apk/res/android"
3    package="com.shopkart"
4    android:versionCode="1"
5    android:versionName="1.0" >
6
7    <uses-sdk
8        android:minSdkVersion="21"
9        android:targetSdkVersion="33" />
10
11    <uses-permission android:name="android.permission.SYSTEM_ALERT_WINDOW" />
11-->src/main/AndroidManifest.xml:5:5-77
11-->src/main/AndroidManifest.xml:5:22-75
12    <uses-permission android:name="android.permission.INTERNET" />
12-->src/main/AndroidManifest.xml:3:5-67
12-->src/main/AndroidManifest.xml:3:22-64
13    <uses-permission android:name="android.permission.CAMERA" />
13-->src/main/AndroidManifest.xml:4:5-64
13-->src/main/AndroidManifest.xml:4:22-62
14    <uses-permission android:name="android.permission.READ_EXTERNAL_STORAGE" />
14-->src/main/AndroidManifest.xml:6:5-80
14-->src/main/AndroidManifest.xml:6:22-77
15    <uses-permission android:name="android.permission.WRITE_EXTERNAL_STORAGE" />
15-->src/main/AndroidManifest.xml:7:5-81
15-->src/main/AndroidManifest.xml:7:22-78
16    <uses-permission android:name="android.permission.DOWNLOAD_WITHOUT_NOTIFICATION" />
16-->src/main/AndroidManifest.xml:8:5-88
16-->src/main/AndroidManifest.xml:8:22-85
17    <uses-permission android:name="android.permission.ACCESS_NETWORK_STATE" />
17-->src/main/AndroidManifest.xml:9:5-79
17-->src/main/AndroidManifest.xml:9:22-76
18    <uses-permission android:name="android.permission.ACCESS_FINE_LOCATION" />
18-->src/main/AndroidManifest.xml:10:5-79
18-->src/main/AndroidManifest.xml:10:22-76
19    <uses-permission android:name="android.permission.ACCESS_WIFI_STATE" />
19-->[com.facebook.flipper:flipper:0.182.0] AndroidManifest.xml:16:5-76
19-->[com.facebook.flipper:flipper:0.182.0] AndroidManifest.xml:16:22-73
20    <uses-permission android:name="android.permission.WAKE_LOCK" />
20-->[:react-native-firebase_auth] AndroidManifest.xml:8:5-68
20-->[:react-native-firebase_auth] AndroidManifest.xml:8:22-65
21
22    <queries>
22-->[:react-native-image-crop-picker] AndroidManifest.xml:7:5-11:15
23        <intent>
23-->[:react-native-image-crop-picker] AndroidManifest.xml:8:9-10:18
24            <action android:name="android.media.action.IMAGE_CAPTURE" />
24-->[:react-native-image-crop-picker] AndroidManifest.xml:9:13-73
24-->[:react-native-image-crop-picker] AndroidManifest.xml:9:21-70
25        </intent>
26        <intent>
26-->[com.razorpay:checkout:1.6.36] AndroidManifest.xml:11:9-17:18
27            <action android:name="android.intent.action.VIEW" />
27-->[com.razorpay:checkout:1.6.36] AndroidManifest.xml:12:13-65
27-->[com.razorpay:checkout:1.6.36] AndroidManifest.xml:12:21-62
28
29            <data
29-->[com.razorpay:checkout:1.6.36] AndroidManifest.xml:14:13-16:38
30                android:mimeType="*/*"
30-->[com.razorpay:checkout:1.6.36] AndroidManifest.xml:15:17-39
31                android:scheme="*" />
31-->[com.razorpay:checkout:1.6.36] AndroidManifest.xml:16:17-35
32        </intent>
33        <intent>
33-->[com.razorpay:checkout:1.6.36] AndroidManifest.xml:18:9-27:18
34            <action android:name="android.intent.action.VIEW" />
34-->[com.razorpay:checkout:1.6.36] AndroidManifest.xml:12:13-65
34-->[com.razorpay:checkout:1.6.36] AndroidManifest.xml:12:21-62
35
36            <category android:name="android.intent.category.BROWSABLE" />
36-->[com.razorpay:checkout:1.6.36] AndroidManifest.xml:21:13-74
36-->[com.razorpay:checkout:1.6.36] AndroidManifest.xml:21:23-71
37
38            <data
38-->[com.razorpay:checkout:1.6.36] AndroidManifest.xml:14:13-16:38
39                android:host="pay"
40                android:mimeType="*/*"
40-->[com.razorpay:checkout:1.6.36] AndroidManifest.xml:15:17-39
41                android:scheme="upi" />
41-->[com.razorpay:checkout:1.6.36] AndroidManifest.xml:16:17-35
42        </intent>
43        <intent>
43-->[com.razorpay:checkout:1.6.36] AndroidManifest.xml:28:9-30:18
44            <action android:name="android.intent.action.MAIN" />
44-->src/main/AndroidManifest.xml:27:13-65
44-->src/main/AndroidManifest.xml:27:21-62
45        </intent>
46        <intent>
46-->[com.razorpay:checkout:1.6.36] AndroidManifest.xml:31:9-35:18
47            <action android:name="android.intent.action.SEND" />
47-->[com.razorpay:checkout:1.6.36] AndroidManifest.xml:32:13-65
47-->[com.razorpay:checkout:1.6.36] AndroidManifest.xml:32:21-62
48
49            <data android:mimeType="*/*" />
49-->[com.razorpay:checkout:1.6.36] AndroidManifest.xml:14:13-16:38
49-->[com.razorpay:checkout:1.6.36] AndroidManifest.xml:15:17-39
50        </intent>
51        <intent>
51-->[com.razorpay:checkout:1.6.36] AndroidManifest.xml:36:9-38:18
52            <action android:name="rzp.device_token.share" />
52-->[com.razorpay:checkout:1.6.36] AndroidManifest.xml:37:13-61
52-->[com.razorpay:checkout:1.6.36] AndroidManifest.xml:37:21-58
53        </intent> <!-- Needs to be explicitly declared on Android R+ -->
54        <package android:name="com.google.android.apps.maps" />
54-->[com.google.android.gms:play-services-maps:18.2.0] AndroidManifest.xml:33:9-64
54-->[com.google.android.gms:play-services-maps:18.2.0] AndroidManifest.xml:33:18-61
55    </queries> <!-- Required to access Google Play Licensing -->
56    <uses-permission android:name="com.android.vending.CHECK_LICENSE" />
56-->[:rn-fetch-blob] AndroidManifest.xml:8:5-73
56-->[:rn-fetch-blob] AndroidManifest.xml:8:22-70
57
58    <uses-feature
58-->[com.google.android.gms:play-services-maps:18.2.0] AndroidManifest.xml:26:5-28:35
59        android:glEsVersion="0x00020000"
59-->[com.google.android.gms:play-services-maps:18.2.0] AndroidManifest.xml:27:9-41
60        android:required="true" />
60-->[com.google.android.gms:play-services-maps:18.2.0] AndroidManifest.xml:28:9-32
61
62    <uses-permission android:name="android.permission.RECEIVE_BOOT_COMPLETED" />
62-->[androidx.work:work-runtime:2.7.1] AndroidManifest.xml:27:5-81
62-->[androidx.work:work-runtime:2.7.1] AndroidManifest.xml:27:22-78
63    <uses-permission android:name="android.permission.FOREGROUND_SERVICE" />
63-->[androidx.work:work-runtime:2.7.1] AndroidManifest.xml:28:5-77
63-->[androidx.work:work-runtime:2.7.1] AndroidManifest.xml:28:22-74
64
65    <application
65-->src/main/AndroidManifest.xml:12:5-35:19
66        android:name="com.shopkart.MainApplication"
66-->src/main/AndroidManifest.xml:13:7-38
67        android:allowBackup="false"
67-->src/main/AndroidManifest.xml:17:7-34
68        android:appComponentFactory="androidx.core.app.CoreComponentFactory"
68-->[androidx.core:core:1.8.0] AndroidManifest.xml:24:18-86
69        android:debuggable="true"
70        android:icon="@mipmap/ic_launcher"
70-->src/main/AndroidManifest.xml:15:7-41
71        android:label="@string/app_name"
71-->src/main/AndroidManifest.xml:14:7-39
72        android:roundIcon="@mipmap/ic_launcher_round"
72-->src/main/AndroidManifest.xml:16:7-52
73        android:theme="@style/AppTheme"
73-->src/main/AndroidManifest.xml:18:7-38
74        android:usesCleartextTraffic="true" >
74-->src/debug/AndroidManifest.xml:8:9-44
75        <activity
75-->src/debug/AndroidManifest.xml:11:9-111
76            android:name="com.facebook.react.devsupport.DevSettingsActivity"
76-->src/debug/AndroidManifest.xml:11:19-83
77            android:exported="false" />
77-->src/debug/AndroidManifest.xml:11:84-108
78        <activity
78-->src/main/AndroidManifest.xml:19:7-31:18
79            android:name="com.shopkart.MainActivity"
79-->src/main/AndroidManifest.xml:20:9-37
80            android:configChanges="keyboard|keyboardHidden|orientation|screenLayout|screenSize|smallestScreenSize|uiMode"
80-->src/main/AndroidManifest.xml:22:9-118
81            android:exported="true"
81-->src/main/AndroidManifest.xml:25:9-32
82            android:label="@string/app_name"
82-->src/main/AndroidManifest.xml:21:9-41
83            android:launchMode="singleTask"
83-->src/main/AndroidManifest.xml:23:9-40
84            android:windowSoftInputMode="adjustPan" >
84-->src/main/AndroidManifest.xml:24:9-48
85            <intent-filter>
85-->src/main/AndroidManifest.xml:26:9-30:25
86                <action android:name="android.intent.action.MAIN" />
86-->src/main/AndroidManifest.xml:27:13-65
86-->src/main/AndroidManifest.xml:27:21-62
87
88                <category android:name="android.intent.category.LAUNCHER" />
88-->src/main/AndroidManifest.xml:28:13-73
88-->src/main/AndroidManifest.xml:28:23-70
89
90                <action android:name="android.intent.action.DOWNLOAD_COMPLETE" />
90-->src/main/AndroidManifest.xml:29:13-77
90-->src/main/AndroidManifest.xml:29:21-75
91            </intent-filter>
92        </activity>
93
94        <meta-data
94-->src/main/AndroidManifest.xml:32:7-34:63
95            android:name="com.google.android.geo.API_KEY"
95-->src/main/AndroidManifest.xml:33:6-51
96            android:value="AIzaSyBxr99617iBz0j-ao6GzTTl_Kq0TuvZwg4" />
96-->src/main/AndroidManifest.xml:34:6-61
97        <meta-data
97-->[:react-native-firebase_app] AndroidManifest.xml:9:9-11:36
98            android:name="app_data_collection_default_enabled"
98-->[:react-native-firebase_app] AndroidManifest.xml:10:13-63
99            android:value="true" />
99-->[:react-native-firebase_app] AndroidManifest.xml:11:13-33
100
101        <service
101-->[:react-native-firebase_app] AndroidManifest.xml:13:9-21:19
102            android:name="com.google.firebase.components.ComponentDiscoveryService"
102-->[:react-native-firebase_app] AndroidManifest.xml:14:13-84
103            android:directBootAware="true"
103-->[:react-native-firebase_app] AndroidManifest.xml:15:13-43
104            android:exported="false" >
104-->[:react-native-firebase_app] AndroidManifest.xml:16:13-37
105            <meta-data
105-->[:react-native-firebase_app] AndroidManifest.xml:18:13-20:85
106                android:name="com.google.firebase.components:io.invertase.firebase.app.ReactNativeFirebaseAppRegistrar"
106-->[:react-native-firebase_app] AndroidManifest.xml:19:17-120
107                android:value="com.google.firebase.components.ComponentRegistrar" />
107-->[:react-native-firebase_app] AndroidManifest.xml:20:17-82
108            <meta-data
108-->[com.google.firebase:firebase-firestore:24.9.1] AndroidManifest.xml:17:13-19:85
109                android:name="com.google.firebase.components:com.google.firebase.firestore.FirebaseFirestoreKtxRegistrar"
109-->[com.google.firebase:firebase-firestore:24.9.1] AndroidManifest.xml:18:17-122
110                android:value="com.google.firebase.components.ComponentRegistrar" />
110-->[com.google.firebase:firebase-firestore:24.9.1] AndroidManifest.xml:19:17-82
111            <meta-data
111-->[com.google.firebase:firebase-firestore:24.9.1] AndroidManifest.xml:20:13-22:85
112                android:name="com.google.firebase.components:com.google.firebase.firestore.FirestoreRegistrar"
112-->[com.google.firebase:firebase-firestore:24.9.1] AndroidManifest.xml:21:17-111
113                android:value="com.google.firebase.components.ComponentRegistrar" />
113-->[com.google.firebase:firebase-firestore:24.9.1] AndroidManifest.xml:22:17-82
114            <meta-data
114-->[com.google.firebase:firebase-storage:20.3.0] AndroidManifest.xml:30:13-32:85
115                android:name="com.google.firebase.components:com.google.firebase.storage.FirebaseStorageKtxRegistrar"
115-->[com.google.firebase:firebase-storage:20.3.0] AndroidManifest.xml:31:17-118
116                android:value="com.google.firebase.components.ComponentRegistrar" />
116-->[com.google.firebase:firebase-storage:20.3.0] AndroidManifest.xml:32:17-82
117            <meta-data
117-->[com.google.firebase:firebase-storage:20.3.0] AndroidManifest.xml:33:13-35:85
118                android:name="com.google.firebase.components:com.google.firebase.storage.StorageRegistrar"
118-->[com.google.firebase:firebase-storage:20.3.0] AndroidManifest.xml:34:17-107
119                android:value="com.google.firebase.components.ComponentRegistrar" />
119-->[com.google.firebase:firebase-storage:20.3.0] AndroidManifest.xml:35:17-82
120            <meta-data
120-->[com.google.firebase:firebase-auth:22.3.0] AndroidManifest.xml:69:13-71:85
121                android:name="com.google.firebase.components:com.google.firebase.auth.FirebaseAuthRegistrar"
121-->[com.google.firebase:firebase-auth:22.3.0] AndroidManifest.xml:70:17-109
122                android:value="com.google.firebase.components.ComponentRegistrar" />
122-->[com.google.firebase:firebase-auth:22.3.0] AndroidManifest.xml:71:17-82
123            <meta-data
123-->[com.google.firebase:firebase-appcheck:17.1.1] AndroidManifest.xml:25:13-27:85
124                android:name="com.google.firebase.components:com.google.firebase.appcheck.FirebaseAppCheckKtxRegistrar"
124-->[com.google.firebase:firebase-appcheck:17.1.1] AndroidManifest.xml:26:17-120
125                android:value="com.google.firebase.components.ComponentRegistrar" />
125-->[com.google.firebase:firebase-appcheck:17.1.1] AndroidManifest.xml:27:17-82
126            <meta-data
126-->[com.google.firebase:firebase-appcheck:17.1.1] AndroidManifest.xml:28:13-30:85
127                android:name="com.google.firebase.components:com.google.firebase.appcheck.FirebaseAppCheckRegistrar"
127-->[com.google.firebase:firebase-appcheck:17.1.1] AndroidManifest.xml:29:17-117
128                android:value="com.google.firebase.components.ComponentRegistrar" />
128-->[com.google.firebase:firebase-appcheck:17.1.1] AndroidManifest.xml:30:17-82
129            <meta-data
129-->[com.google.firebase:firebase-common-ktx:20.4.2] AndroidManifest.xml:12:13-14:85
130                android:name="com.google.firebase.components:com.google.firebase.ktx.FirebaseCommonLegacyRegistrar"
130-->[com.google.firebase:firebase-common-ktx:20.4.2] AndroidManifest.xml:13:17-116
131                android:value="com.google.firebase.components.ComponentRegistrar" />
131-->[com.google.firebase:firebase-common-ktx:20.4.2] AndroidManifest.xml:14:17-82
132            <meta-data
132-->[com.google.firebase:firebase-common:20.4.2] AndroidManifest.xml:35:13-37:85
133                android:name="com.google.firebase.components:com.google.firebase.FirebaseCommonKtxRegistrar"
133-->[com.google.firebase:firebase-common:20.4.2] AndroidManifest.xml:36:17-109
134                android:value="com.google.firebase.components.ComponentRegistrar" />
134-->[com.google.firebase:firebase-common:20.4.2] AndroidManifest.xml:37:17-82
135        </service>
136
137        <provider
137-->[:react-native-firebase_app] AndroidManifest.xml:23:9-27:38
138            android:name="io.invertase.firebase.app.ReactNativeFirebaseAppInitProvider"
138-->[:react-native-firebase_app] AndroidManifest.xml:24:13-88
139            android:authorities="com.shopkart.reactnativefirebaseappinitprovider"
139-->[:react-native-firebase_app] AndroidManifest.xml:25:13-86
140            android:exported="false"
140-->[:react-native-firebase_app] AndroidManifest.xml:26:13-37
141            android:initOrder="99" />
141-->[:react-native-firebase_app] AndroidManifest.xml:27:13-35
142        <provider
142-->[:react-native-image-crop-picker] AndroidManifest.xml:16:9-24:20
143            android:name="com.reactnative.ivpusic.imagepicker.IvpusicImagePickerFileProvider"
143-->[:react-native-image-crop-picker] AndroidManifest.xml:17:13-94
144            android:authorities="com.shopkart.provider"
144-->[:react-native-image-crop-picker] AndroidManifest.xml:18:13-60
145            android:exported="false"
145-->[:react-native-image-crop-picker] AndroidManifest.xml:19:13-37
146            android:grantUriPermissions="true" >
146-->[:react-native-image-crop-picker] AndroidManifest.xml:20:13-47
147            <meta-data
147-->[:react-native-image-crop-picker] AndroidManifest.xml:21:13-23:78
148                android:name="android.support.FILE_PROVIDER_PATHS"
148-->[:react-native-image-crop-picker] AndroidManifest.xml:22:17-67
149                android:resource="@xml/ivpusic_imagepicker_provider_paths" />
149-->[:react-native-image-crop-picker] AndroidManifest.xml:23:17-75
150        </provider>
151
152        <activity
152-->[:react-native-image-crop-picker] AndroidManifest.xml:26:9-28:72
153            android:name="com.yalantis.ucrop.UCropActivity"
153-->[:react-native-image-crop-picker] AndroidManifest.xml:27:13-60
154            android:theme="@style/Theme.AppCompat.Light.NoActionBar" />
154-->[:react-native-image-crop-picker] AndroidManifest.xml:28:13-69
155        <activity
155-->[:react-native-razorpay] AndroidManifest.xml:8:9-10:86
156            android:name="com.razorpay.CheckoutActivity"
156-->[:react-native-razorpay] AndroidManifest.xml:9:13-57
157            android:configChanges="keyboard|keyboardHidden|orientation|screenSize"
157-->[:react-native-razorpay] AndroidManifest.xml:10:13-83
158            android:exported="false"
158-->[com.razorpay:checkout:1.6.36] AndroidManifest.xml:54:13-37
159            android:theme="@style/CheckoutTheme" >
159-->[com.razorpay:checkout:1.6.36] AndroidManifest.xml:55:13-49
160            <intent-filter>
160-->[com.razorpay:checkout:1.6.36] AndroidManifest.xml:56:13-58:29
161                <action android:name="android.intent.action.MAIN" />
161-->src/main/AndroidManifest.xml:27:13-65
161-->src/main/AndroidManifest.xml:27:21-62
162            </intent-filter>
163        </activity>
164
165        <provider
165-->[:rn-fetch-blob] AndroidManifest.xml:32:9-40:20
166            android:name="com.RNFetchBlob.Utils.FileProvider"
166-->[:rn-fetch-blob] AndroidManifest.xml:33:13-62
167            android:authorities="com.shopkart.provider"
167-->[:rn-fetch-blob] AndroidManifest.xml:34:13-60
168            android:exported="false"
168-->[:rn-fetch-blob] AndroidManifest.xml:35:13-37
169            android:grantUriPermissions="true" >
169-->[:rn-fetch-blob] AndroidManifest.xml:36:13-47
170            <meta-data
170-->[:react-native-image-crop-picker] AndroidManifest.xml:21:13-23:78
171                android:name="android.support.FILE_PROVIDER_PATHS"
171-->[:react-native-image-crop-picker] AndroidManifest.xml:22:17-67
172                android:resource="@xml/provider_paths" />
172-->[:react-native-image-crop-picker] AndroidManifest.xml:23:17-75
173        </provider>
174
175        <receiver
175-->[com.razorpay:checkout:1.6.36] AndroidManifest.xml:42:9-49:20
176            android:name="com.razorpay.RzpTokenReceiver"
176-->[com.razorpay:checkout:1.6.36] AndroidManifest.xml:43:13-57
177            android:exported="true" >
177-->[com.razorpay:checkout:1.6.36] AndroidManifest.xml:44:13-36
178            <intent-filter>
178-->[com.razorpay:checkout:1.6.36] AndroidManifest.xml:46:13-48:29
179                <action android:name="rzp.device_token.share" />
179-->[com.razorpay:checkout:1.6.36] AndroidManifest.xml:37:13-61
179-->[com.razorpay:checkout:1.6.36] AndroidManifest.xml:37:21-58
180            </intent-filter>
181        </receiver>
182
183        <meta-data
183-->[com.razorpay:checkout:1.6.36] AndroidManifest.xml:61:9-63:58
184            android:name="com.razorpay.plugin.googlepay_all"
184-->[com.razorpay:checkout:1.6.36] AndroidManifest.xml:62:13-61
185            android:value="com.razorpay.RzpGpayMerged" />
185-->[com.razorpay:checkout:1.6.36] AndroidManifest.xml:63:13-55
186
187        <activity
187-->[com.google.firebase:firebase-auth:22.3.0] AndroidManifest.xml:29:9-46:20
188            android:name="com.google.firebase.auth.internal.GenericIdpActivity"
188-->[com.google.firebase:firebase-auth:22.3.0] AndroidManifest.xml:30:13-80
189            android:excludeFromRecents="true"
189-->[com.google.firebase:firebase-auth:22.3.0] AndroidManifest.xml:31:13-46
190            android:exported="true"
190-->[com.google.firebase:firebase-auth:22.3.0] AndroidManifest.xml:32:13-36
191            android:launchMode="singleTask"
191-->[com.google.firebase:firebase-auth:22.3.0] AndroidManifest.xml:33:13-44
192            android:theme="@android:style/Theme.Translucent.NoTitleBar" >
192-->[com.google.firebase:firebase-auth:22.3.0] AndroidManifest.xml:34:13-72
193            <intent-filter>
193-->[com.google.firebase:firebase-auth:22.3.0] AndroidManifest.xml:35:13-45:29
194                <action android:name="android.intent.action.VIEW" />
194-->[com.razorpay:checkout:1.6.36] AndroidManifest.xml:12:13-65
194-->[com.razorpay:checkout:1.6.36] AndroidManifest.xml:12:21-62
195
196                <category android:name="android.intent.category.DEFAULT" />
196-->[com.google.firebase:firebase-auth:22.3.0] AndroidManifest.xml:38:17-76
196-->[com.google.firebase:firebase-auth:22.3.0] AndroidManifest.xml:38:27-73
197                <category android:name="android.intent.category.BROWSABLE" />
197-->[com.razorpay:checkout:1.6.36] AndroidManifest.xml:21:13-74
197-->[com.razorpay:checkout:1.6.36] AndroidManifest.xml:21:23-71
198
199                <data
199-->[com.razorpay:checkout:1.6.36] AndroidManifest.xml:14:13-16:38
200                    android:host="firebase.auth"
201                    android:path="/"
202                    android:scheme="genericidp" />
202-->[com.razorpay:checkout:1.6.36] AndroidManifest.xml:16:17-35
203            </intent-filter>
204        </activity>
205        <activity
205-->[com.google.firebase:firebase-auth:22.3.0] AndroidManifest.xml:47:9-64:20
206            android:name="com.google.firebase.auth.internal.RecaptchaActivity"
206-->[com.google.firebase:firebase-auth:22.3.0] AndroidManifest.xml:48:13-79
207            android:excludeFromRecents="true"
207-->[com.google.firebase:firebase-auth:22.3.0] AndroidManifest.xml:49:13-46
208            android:exported="true"
208-->[com.google.firebase:firebase-auth:22.3.0] AndroidManifest.xml:50:13-36
209            android:launchMode="singleTask"
209-->[com.google.firebase:firebase-auth:22.3.0] AndroidManifest.xml:51:13-44
210            android:theme="@android:style/Theme.Translucent.NoTitleBar" >
210-->[com.google.firebase:firebase-auth:22.3.0] AndroidManifest.xml:52:13-72
211            <intent-filter>
211-->[com.google.firebase:firebase-auth:22.3.0] AndroidManifest.xml:53:13-63:29
212                <action android:name="android.intent.action.VIEW" />
212-->[com.razorpay:checkout:1.6.36] AndroidManifest.xml:12:13-65
212-->[com.razorpay:checkout:1.6.36] AndroidManifest.xml:12:21-62
213
214                <category android:name="android.intent.category.DEFAULT" />
214-->[com.google.firebase:firebase-auth:22.3.0] AndroidManifest.xml:38:17-76
214-->[com.google.firebase:firebase-auth:22.3.0] AndroidManifest.xml:38:27-73
215                <category android:name="android.intent.category.BROWSABLE" />
215-->[com.razorpay:checkout:1.6.36] AndroidManifest.xml:21:13-74
215-->[com.razorpay:checkout:1.6.36] AndroidManifest.xml:21:23-71
216
217                <data
217-->[com.razorpay:checkout:1.6.36] AndroidManifest.xml:14:13-16:38
218                    android:host="firebase.auth"
219                    android:path="/"
220                    android:scheme="recaptcha" />
220-->[com.razorpay:checkout:1.6.36] AndroidManifest.xml:16:17-35
221            </intent-filter>
222        </activity>
223
224        <provider
224-->[com.google.firebase:firebase-common:20.4.2] AndroidManifest.xml:23:9-28:39
225            android:name="com.google.firebase.provider.FirebaseInitProvider"
225-->[com.google.firebase:firebase-common:20.4.2] AndroidManifest.xml:24:13-77
226            android:authorities="com.shopkart.firebaseinitprovider"
226-->[com.google.firebase:firebase-common:20.4.2] AndroidManifest.xml:25:13-72
227            android:directBootAware="true"
227-->[com.google.firebase:firebase-common:20.4.2] AndroidManifest.xml:26:13-43
228            android:exported="false"
228-->[com.google.firebase:firebase-common:20.4.2] AndroidManifest.xml:27:13-37
229            android:initOrder="100" />
229-->[com.google.firebase:firebase-common:20.4.2] AndroidManifest.xml:28:13-36
230
231        <activity
231-->[com.google.android.gms:play-services-auth:20.7.0] AndroidManifest.xml:23:9-27:75
232            android:name="com.google.android.gms.auth.api.signin.internal.SignInHubActivity"
232-->[com.google.android.gms:play-services-auth:20.7.0] AndroidManifest.xml:24:13-93
233            android:excludeFromRecents="true"
233-->[com.google.android.gms:play-services-auth:20.7.0] AndroidManifest.xml:25:13-46
234            android:exported="false"
234-->[com.google.android.gms:play-services-auth:20.7.0] AndroidManifest.xml:26:13-37
235            android:theme="@android:style/Theme.Translucent.NoTitleBar" />
235-->[com.google.android.gms:play-services-auth:20.7.0] AndroidManifest.xml:27:13-72
236        <!--
237            Service handling Google Sign-In user revocation. For apps that do not integrate with
238            Google Sign-In, this service will never be started.
239        -->
240        <service
240-->[com.google.android.gms:play-services-auth:20.7.0] AndroidManifest.xml:33:9-37:51
241            android:name="com.google.android.gms.auth.api.signin.RevocationBoundService"
241-->[com.google.android.gms:play-services-auth:20.7.0] AndroidManifest.xml:34:13-89
242            android:exported="true"
242-->[com.google.android.gms:play-services-auth:20.7.0] AndroidManifest.xml:35:13-36
243            android:permission="com.google.android.gms.auth.api.signin.permission.REVOCATION_NOTIFICATION"
243-->[com.google.android.gms:play-services-auth:20.7.0] AndroidManifest.xml:36:13-107
244            android:visibleToInstantApps="true" />
244-->[com.google.android.gms:play-services-auth:20.7.0] AndroidManifest.xml:37:13-48
245
246        <meta-data
246-->[com.google.maps.android:android-maps-utils:3.8.2] AndroidManifest.xml:8:9-10:69
247            android:name="com.google.android.gms.version"
247-->[com.google.maps.android:android-maps-utils:3.8.2] AndroidManifest.xml:9:13-58
248            android:value="@integer/google_play_services_version" /> <!-- Needs to be explicitly declared on P+ -->
248-->[com.google.maps.android:android-maps-utils:3.8.2] AndroidManifest.xml:10:13-66
249        <uses-library
249-->[com.google.android.gms:play-services-maps:18.2.0] AndroidManifest.xml:39:9-41:40
250            android:name="org.apache.http.legacy"
250-->[com.google.android.gms:play-services-maps:18.2.0] AndroidManifest.xml:40:13-50
251            android:required="false" />
251-->[com.google.android.gms:play-services-maps:18.2.0] AndroidManifest.xml:41:13-37
252
253        <activity
253-->[com.google.android.gms:play-services-base:18.2.0] AndroidManifest.xml:20:9-22:45
254            android:name="com.google.android.gms.common.api.GoogleApiActivity"
254-->[com.google.android.gms:play-services-base:18.2.0] AndroidManifest.xml:20:19-85
255            android:exported="false"
255-->[com.google.android.gms:play-services-base:18.2.0] AndroidManifest.xml:22:19-43
256            android:theme="@android:style/Theme.Translucent.NoTitleBar" />
256-->[com.google.android.gms:play-services-base:18.2.0] AndroidManifest.xml:21:19-78
257
258        <provider
258-->[androidx.work:work-runtime:2.7.1] AndroidManifest.xml:31:9-39:20
259            android:name="androidx.startup.InitializationProvider"
259-->[androidx.work:work-runtime:2.7.1] AndroidManifest.xml:32:13-67
260            android:authorities="com.shopkart.androidx-startup"
260-->[androidx.work:work-runtime:2.7.1] AndroidManifest.xml:33:13-68
261            android:exported="false" >
261-->[androidx.work:work-runtime:2.7.1] AndroidManifest.xml:34:13-37
262            <meta-data
262-->[androidx.work:work-runtime:2.7.1] AndroidManifest.xml:36:13-38:52
263                android:name="androidx.work.WorkManagerInitializer"
263-->[androidx.work:work-runtime:2.7.1] AndroidManifest.xml:37:17-68
264                android:value="androidx.startup" />
264-->[androidx.work:work-runtime:2.7.1] AndroidManifest.xml:38:17-49
265            <meta-data
265-->[androidx.emoji2:emoji2:1.2.0] AndroidManifest.xml:29:13-31:52
266                android:name="androidx.emoji2.text.EmojiCompatInitializer"
266-->[androidx.emoji2:emoji2:1.2.0] AndroidManifest.xml:30:17-75
267                android:value="androidx.startup" />
267-->[androidx.emoji2:emoji2:1.2.0] AndroidManifest.xml:31:17-49
268            <meta-data
268-->[androidx.lifecycle:lifecycle-process:2.4.1] AndroidManifest.xml:31:13-33:52
269                android:name="androidx.lifecycle.ProcessLifecycleInitializer"
269-->[androidx.lifecycle:lifecycle-process:2.4.1] AndroidManifest.xml:32:17-78
270                android:value="androidx.startup" />
270-->[androidx.lifecycle:lifecycle-process:2.4.1] AndroidManifest.xml:33:17-49
271        </provider>
272
273        <service
273-->[androidx.work:work-runtime:2.7.1] AndroidManifest.xml:41:9-46:35
274            android:name="androidx.work.impl.background.systemalarm.SystemAlarmService"
274-->[androidx.work:work-runtime:2.7.1] AndroidManifest.xml:42:13-88
275            android:directBootAware="false"
275-->[androidx.work:work-runtime:2.7.1] AndroidManifest.xml:43:13-44
276            android:enabled="@bool/enable_system_alarm_service_default"
276-->[androidx.work:work-runtime:2.7.1] AndroidManifest.xml:44:13-72
277            android:exported="false" />
277-->[androidx.work:work-runtime:2.7.1] AndroidManifest.xml:45:13-37
278        <service
278-->[androidx.work:work-runtime:2.7.1] AndroidManifest.xml:47:9-53:35
279            android:name="androidx.work.impl.background.systemjob.SystemJobService"
279-->[androidx.work:work-runtime:2.7.1] AndroidManifest.xml:48:13-84
280            android:directBootAware="false"
280-->[androidx.work:work-runtime:2.7.1] AndroidManifest.xml:49:13-44
281            android:enabled="@bool/enable_system_job_service_default"
281-->[androidx.work:work-runtime:2.7.1] AndroidManifest.xml:50:13-70
282            android:exported="true"
282-->[androidx.work:work-runtime:2.7.1] AndroidManifest.xml:51:13-36